<?xml version="1.0" encoding="UTF-8"?>
<!-- Generated by org.testng.reporters.JUnitReportReporter -->
<testsuite hostname="DESKTOP-VJ6HG9K" failures="0" tests="2" name="testcase.TC_002_LogoutPage" time="15.016" errors="0" timestamp="2024-12-31T00:54:47 GMT+08:00" skipped="0">
  <testcase classname="testcase.TC_002_LogoutPage" name="runLogOut" time="7.870"/>
  <system-out/>
  <testcase classname="testcase.TC_002_LogoutPage" name="runLogOut" time="7.146"/>
  <system-out/>
</testsuite> <!-- testcase.TC_002_LogoutPage -->
