<?xml version="1.0" encoding="UTF-8"?>
<!-- Generated by org.testng.reporters.JUnitReportReporter -->
<testsuite hostname="DESKTOP-VJ6HG9K" failures="0" tests="2" name="testcase.TC_003_CreateAccount" time="30.916" errors="0" timestamp="2024-12-31T00:52:15 GMT+08:00" skipped="0">
  <testcase classname="testcase.TC_003_CreateAccount" name="runLoginData" time="15.146"/>
  <system-out/>
  <testcase classname="testcase.TC_003_CreateAccount" name="runLoginData" time="15.770"/>
  <system-out/>
</testsuite> <!-- testcase.TC_003_CreateAccount -->
